{"/media/onemus/d42c9065-8792-4148-a205-cc0a748da2941/dev/incourage-challenge/FundFlow-backend/src/index.ts": {"path":"/media/onemus/d42c9065-8792-4148-a205-cc0a748da2941/dev/incourage-challenge/FundFlow-backend/src/index.ts","statementMap":{"0":{"start":{"line":1,"column":0},"end":{"line":1,"column":30}},"1":{"start":{"line":2,"column":0},"end":{"line":2,"column":24}},"2":{"start":{"line":3,"column":0},"end":{"line":3,"column":37}},"3":{"start":{"line":4,"column":0},"end":{"line":4,"column":28}},"4":{"start":{"line":5,"column":0},"end":{"line":5,"column":36}},"5":{"start":{"line":6,"column":0},"end":{"line":6,"column":46}},"6":{"start":{"line":7,"column":0},"end":{"line":7,"column":46}},"7":{"start":{"line":8,"column":0},"end":{"line":8,"column":60}},"8":{"start":{"line":9,"column":0},"end":{"line":9,"column":38}},"9":{"start":{"line":10,"column":0},"end":{"line":10,"column":28}},"10":{"start":{"line":11,"column":0},"end":{"line":11,"column":24}},"11":{"start":{"line":13,"column":0},"end":{"line":13,"column":71}},"12":{"start":{"line":14,"column":0},"end":{"line":14,"column":42}},"13":{"start":{"line":16,"column":0},"end":{"line":16,"column":60}},"14":{"start":{"line":17,"column":13},"end":{"line":17,"column":29}},"15":{"start":{"line":19,"column":0},"end":{"line":19,"column":24}},"16":{"start":{"line":20,"column":0},"end":{"line":24,"column":4}},"17":{"start":{"line":33,"column":0},"end":{"line":41,"column":3}},"18":{"start":{"line":35,"column":18},"end":{"line":35,"column":53}},"19":{"start":{"line":36,"column":17},"end":{"line":36,"column":31}},"20":{"start":{"line":37,"column":4},"end":{"line":39,"column":5}},"21":{"start":{"line":38,"column":8},"end":{"line":38,"column":32}},"22":{"start":{"line":40,"column":4},"end":{"line":40,"column":11}},"23":{"start":{"line":42,"column":21},"end":{"line":52,"column":1}},"24":{"start":{"line":43,"column":4},"end":{"line":51,"column":16}},"25":{"start":{"line":54,"column":0},"end":{"line":54,"column":52}},"26":{"start":{"line":55,"column":0},"end":{"line":55,"column":27}},"27":{"start":{"line":56,"column":0},"end":{"line":56,"column":51}},"28":{"start":{"line":57,"column":0},"end":{"line":62,"column":6}},"29":{"start":{"line":65,"column":0},"end":{"line":67,"column":3}},"30":{"start":{"line":66,"column":4},"end":{"line":66,"column":45}},"31":{"start":{"line":70,"column":0},"end":{"line":70,"column":36}},"32":{"start":{"line":72,"column":0},"end":{"line":72,"column":36}},"33":{"start":{"line":74,"column":0},"end":{"line":74,"column":50}},"34":{"start":{"line":77,"column":0},"end":{"line":77,"column":18}},"35":{"start":{"line":78,"column":0},"end":{"line":78,"column":22}},"36":{"start":{"line":79,"column":13},"end":{"line":79,"column":37}},"37":{"start":{"line":80,"column":0},"end":{"line":85,"column":3}},"38":{"start":{"line":81,"column":2},"end":{"line":81,"column":null}}},"fnMap":{"0":{"name":"(anonymous_1)","decl":{"start":{"line":33,"column":8},"end":{"line":33,"column":9}},"loc":{"start":{"line":33,"column":27},"end":{"line":41,"column":1}}},"1":{"name":"(anonymous_2)","decl":{"start":{"line":42,"column":21},"end":{"line":42,"column":22}},"loc":{"start":{"line":42,"column":66},"end":{"line":52,"column":1}}},"2":{"name":"(anonymous_3)","decl":{"start":{"line":65,"column":13},"end":{"line":65,"column":14}},"loc":{"start":{"line":65,"column":26},"end":{"line":67,"column":1}}},"3":{"name":"(anonymous_4)","decl":{"start":{"line":80,"column":17},"end":{"line":80,"column":20}},"loc":{"start":{"line":80,"column":22},"end":{"line":85,"column":1}}}},"branchMap":{"0":{"loc":{"start":{"line":37,"column":4},"end":{"line":39,"column":5}},"type":"if","locations":[{"start":{"line":37,"column":4},"end":{"line":39,"column":5}}]},"1":{"loc":{"start":{"line":79,"column":13},"end":{"line":79,"column":37}},"type":"binary-expr","locations":[{"start":{"line":79,"column":13},"end":{"line":79,"column":29}},{"start":{"line":79,"column":33},"end":{"line":79,"column":37}}]}},"s":{"0":1,"1":1,"2":1,"3":1,"4":1,"5":1,"6":1,"7":1,"8":1,"9":1,"10":1,"11":1,"12":1,"13":1,"14":1,"15":1,"16":1,"17":1,"18":1,"19":1,"20":1,"21":1,"22":1,"23":1,"24":1,"25":1,"26":1,"27":1,"28":1,"29":1,"30":1,"31":1,"32":1,"33":1,"34":1,"35":1,"36":1,"37":1,"38":1},"f":{"0":1,"1":1,"2":1,"3":1},"b":{"0":[1],"1":[1,0]}}
,"/media/onemus/d42c9065-8792-4148-a205-cc0a748da2941/dev/incourage-challenge/FundFlow-backend/src/controllers/creditscore.controller.ts": {"path":"/media/onemus/d42c9065-8792-4148-a205-cc0a748da2941/dev/incourage-challenge/FundFlow-backend/src/controllers/creditscore.controller.ts","statementMap":{"0":{"start":{"line":1,"column":0},"end":{"line":1,"column":66}},"1":{"start":{"line":3,"column":0},"end":{"line":3,"column":59}},"2":{"start":{"line":4,"column":0},"end":{"line":4,"column":35}},"3":{"start":{"line":5,"column":0},"end":{"line":5,"column":36}},"4":{"start":{"line":6,"column":0},"end":{"line":6,"column":37}},"5":{"start":{"line":9,"column":34},"end":{"line":22,"column":null}},"6":{"start":{"line":9,"column":72},"end":{"line":22,"column":null}},"7":{"start":{"line":10,"column":4},"end":{"line":21,"column":5}},"8":{"start":{"line":12,"column":8},"end":{"line":14,"column":9}},"9":{"start":{"line":13,"column":12},"end":{"line":13,"column":92}},"10":{"start":{"line":15,"column":29},"end":{"line":15,"column":67}},"11":{"start":{"line":16,"column":8},"end":{"line":16,"column":null}},"12":{"start":{"line":17,"column":8},"end":{"line":17,"column":54}},"13":{"start":{"line":19,"column":8},"end":{"line":19,"column":101}},"14":{"start":{"line":20,"column":8},"end":{"line":20,"column":74}},"15":{"start":{"line":9,"column":13},"end":{"line":9,"column":34}},"16":{"start":{"line":25,"column":38},"end":{"line":41,"column":null}},"17":{"start":{"line":25,"column":76},"end":{"line":41,"column":null}},"18":{"start":{"line":26,"column":4},"end":{"line":40,"column":5}},"19":{"start":{"line":27,"column":28},"end":{"line":27,"column":38}},"20":{"start":{"line":29,"column":8},"end":{"line":31,"column":9}},"21":{"start":{"line":30,"column":12},"end":{"line":30,"column":92}},"22":{"start":{"line":33,"column":28},"end":{"line":35,"column":10}},"23":{"start":{"line":36,"column":8},"end":{"line":36,"column":53}},"24":{"start":{"line":38,"column":8},"end":{"line":38,"column":74}},"25":{"start":{"line":39,"column":8},"end":{"line":39,"column":74}},"26":{"start":{"line":25,"column":13},"end":{"line":25,"column":38}},"27":{"start":{"line":45,"column":33},"end":{"line":90,"column":null}},"28":{"start":{"line":45,"column":71},"end":{"line":90,"column":null}},"29":{"start":{"line":46,"column":4},"end":{"line":89,"column":5}},"30":{"start":{"line":47,"column":105},"end":{"line":47,"column":113}},"31":{"start":{"line":48,"column":28},"end":{"line":57,"column":null}},"32":{"start":{"line":60,"column":26},"end":{"line":60,"column":58}},"33":{"start":{"line":61,"column":8},"end":{"line":63,"column":9}},"34":{"start":{"line":62,"column":12},"end":{"line":62,"column":79}},"35":{"start":{"line":66,"column":8},"end":{"line":68,"column":9}},"36":{"start":{"line":67,"column":12},"end":{"line":67,"column":92}},"37":{"start":{"line":70,"column":35},"end":{"line":80,"column":10}},"38":{"start":{"line":82,"column":8},"end":{"line":84,"column":9}},"39":{"start":{"line":83,"column":12},"end":{"line":83,"column":90}},"40":{"start":{"line":85,"column":8},"end":{"line":85,"column":74}},"41":{"start":{"line":87,"column":8},"end":{"line":87,"column":69}},"42":{"start":{"line":88,"column":8},"end":{"line":88,"column":74}},"43":{"start":{"line":45,"column":13},"end":{"line":45,"column":33}},"44":{"start":{"line":92,"column":33},"end":{"line":116,"column":null}},"45":{"start":{"line":92,"column":71},"end":{"line":116,"column":null}},"46":{"start":{"line":93,"column":4},"end":{"line":115,"column":5}},"47":{"start":{"line":94,"column":23},"end":{"line":94,"column":33}},"48":{"start":{"line":95,"column":8},"end":{"line":97,"column":9}},"49":{"start":{"line":96,"column":12},"end":{"line":96,"column":71}},"50":{"start":{"line":100,"column":8},"end":{"line":102,"column":9}},"51":{"start":{"line":101,"column":12},"end":{"line":101,"column":92}},"52":{"start":{"line":104,"column":35},"end":{"line":106,"column":10}},"53":{"start":{"line":108,"column":8},"end":{"line":110,"column":9}},"54":{"start":{"line":109,"column":12},"end":{"line":109,"column":90}},"55":{"start":{"line":111,"column":8},"end":{"line":111,"column":74}},"56":{"start":{"line":113,"column":8},"end":{"line":113,"column":69}},"57":{"start":{"line":114,"column":8},"end":{"line":114,"column":74}},"58":{"start":{"line":92,"column":13},"end":{"line":92,"column":33}}},"fnMap":{"0":{"name":"(anonymous_8)","decl":{"start":{"line":9,"column":34},"end":{"line":9,"column":41}},"loc":{"start":{"line":9,"column":72},"end":{"line":22,"column":null}}},"1":{"name":"(anonymous_9)","decl":{"start":{"line":9,"column":72},"end":{"line":9,"column":null}},"loc":{"start":{"line":9,"column":72},"end":{"line":22,"column":1}}},"2":{"name":"(anonymous_10)","decl":{"start":{"line":25,"column":38},"end":{"line":25,"column":45}},"loc":{"start":{"line":25,"column":76},"end":{"line":41,"column":null}}},"3":{"name":"(anonymous_11)","decl":{"start":{"line":25,"column":76},"end":{"line":25,"column":null}},"loc":{"start":{"line":25,"column":76},"end":{"line":41,"column":1}}},"4":{"name":"(anonymous_12)","decl":{"start":{"line":45,"column":33},"end":{"line":45,"column":40}},"loc":{"start":{"line":45,"column":71},"end":{"line":90,"column":null}}},"5":{"name":"(anonymous_13)","decl":{"start":{"line":45,"column":71},"end":{"line":45,"column":null}},"loc":{"start":{"line":45,"column":71},"end":{"line":90,"column":1}}},"6":{"name":"(anonymous_14)","decl":{"start":{"line":92,"column":33},"end":{"line":92,"column":40}},"loc":{"start":{"line":92,"column":71},"end":{"line":116,"column":null}}},"7":{"name":"(anonymous_15)","decl":{"start":{"line":92,"column":71},"end":{"line":92,"column":null}},"loc":{"start":{"line":92,"column":71},"end":{"line":116,"column":1}}}},"branchMap":{"0":{"loc":{"start":{"line":12,"column":8},"end":{"line":14,"column":9}},"type":"if","locations":[{"start":{"line":12,"column":8},"end":{"line":14,"column":9}}]},"1":{"loc":{"start":{"line":29,"column":8},"end":{"line":31,"column":9}},"type":"if","locations":[{"start":{"line":29,"column":8},"end":{"line":31,"column":9}}]},"2":{"loc":{"start":{"line":61,"column":8},"end":{"line":63,"column":9}},"type":"if","locations":[{"start":{"line":61,"column":8},"end":{"line":63,"column":9}}]},"3":{"loc":{"start":{"line":66,"column":8},"end":{"line":68,"column":9}},"type":"if","locations":[{"start":{"line":66,"column":8},"end":{"line":68,"column":9}}]},"4":{"loc":{"start":{"line":82,"column":8},"end":{"line":84,"column":9}},"type":"if","locations":[{"start":{"line":82,"column":8},"end":{"line":84,"column":9}}]},"5":{"loc":{"start":{"line":95,"column":8},"end":{"line":97,"column":9}},"type":"if","locations":[{"start":{"line":95,"column":8},"end":{"line":97,"column":9}}]},"6":{"loc":{"start":{"line":100,"column":8},"end":{"line":102,"column":9}},"type":"if","locations":[{"start":{"line":100,"column":8},"end":{"line":102,"column":9}}]},"7":{"loc":{"start":{"line":108,"column":8},"end":{"line":110,"column":9}},"type":"if","locations":[{"start":{"line":108,"column":8},"end":{"line":110,"column":9}}]}},"s":{"0":1,"1":1,"2":1,"3":1,"4":1,"5":1,"6":0,"7":0,"8":0,"9":0,"10":0,"11":0,"12":0,"13":0,"14":0,"15":1,"16":1,"17":0,"18":0,"19":0,"20":0,"21":0,"22":0,"23":0,"24":0,"25":0,"26":1,"27":1,"28":0,"29":0,"30":0,"31":0,"32":0,"33":0,"34":0,"35":0,"36":0,"37":0,"38":0,"39":0,"40":0,"41":0,"42":0,"43":1,"44":1,"45":0,"46":0,"47":0,"48":0,"49":0,"50":0,"51":0,"52":0,"53":0,"54":0,"55":0,"56":0,"57":0,"58":1},"f":{"0":0,"1":0,"2":0,"3":0,"4":0,"5":0,"6":0,"7":0},"b":{"0":[0],"1":[0],"2":[0],"3":[0],"4":[0],"5":[0],"6":[0],"7":[0]}}
,"/media/onemus/d42c9065-8792-4148-a205-cc0a748da2941/dev/incourage-challenge/FundFlow-backend/src/controllers/loan.controller.ts": {"path":"/media/onemus/d42c9065-8792-4148-a205-cc0a748da2941/dev/incourage-challenge/FundFlow-backend/src/controllers/loan.controller.ts","statementMap":{"0":{"start":{"line":1,"column":0},"end":{"line":1,"column":52}},"1":{"start":{"line":3,"column":0},"end":{"line":3,"column":45}},"2":{"start":{"line":4,"column":0},"end":{"line":4,"column":35}},"3":{"start":{"line":5,"column":0},"end":{"line":5,"column":36}},"4":{"start":{"line":6,"column":0},"end":{"line":6,"column":37}},"5":{"start":{"line":10,"column":25},"end":{"line":57,"column":null}},"6":{"start":{"line":10,"column":63},"end":{"line":57,"column":null}},"7":{"start":{"line":11,"column":4},"end":{"line":56,"column":5}},"8":{"start":{"line":12,"column":59},"end":{"line":12,"column":67}},"9":{"start":{"line":13,"column":21},"end":{"line":23,"column":null}},"10":{"start":{"line":26,"column":26},"end":{"line":26,"column":44}},"11":{"start":{"line":27,"column":8},"end":{"line":29,"column":9}},"12":{"start":{"line":28,"column":12},"end":{"line":28,"column":79}},"13":{"start":{"line":32,"column":8},"end":{"line":34,"column":9}},"14":{"start":{"line":33,"column":12},"end":{"line":33,"column":92}},"15":{"start":{"line":36,"column":28},"end":{"line":47,"column":10}},"16":{"start":{"line":49,"column":8},"end":{"line":51,"column":9}},"17":{"start":{"line":50,"column":12},"end":{"line":50,"column":82}},"18":{"start":{"line":52,"column":8},"end":{"line":52,"column":74}},"19":{"start":{"line":54,"column":8},"end":{"line":54,"column":61}},"20":{"start":{"line":55,"column":8},"end":{"line":55,"column":74}},"21":{"start":{"line":10,"column":13},"end":{"line":10,"column":25}},"22":{"start":{"line":60,"column":31},"end":{"line":80,"column":null}},"23":{"start":{"line":60,"column":69},"end":{"line":80,"column":null}},"24":{"start":{"line":61,"column":4},"end":{"line":79,"column":5}},"25":{"start":{"line":62,"column":28},"end":{"line":62,"column":38}},"26":{"start":{"line":63,"column":8},"end":{"line":65,"column":9}},"27":{"start":{"line":64,"column":12},"end":{"line":64,"column":76}},"28":{"start":{"line":67,"column":8},"end":{"line":69,"column":9}},"29":{"start":{"line":68,"column":12},"end":{"line":68,"column":92}},"30":{"start":{"line":71,"column":21},"end":{"line":71,"column":66}},"31":{"start":{"line":72,"column":8},"end":{"line":74,"column":9}},"32":{"start":{"line":73,"column":12},"end":{"line":73,"column":50}},"33":{"start":{"line":75,"column":8},"end":{"line":75,"column":74}},"34":{"start":{"line":77,"column":8},"end":{"line":77,"column":67}},"35":{"start":{"line":78,"column":8},"end":{"line":78,"column":74}},"36":{"start":{"line":60,"column":13},"end":{"line":60,"column":31}},"37":{"start":{"line":86,"column":26},"end":{"line":106,"column":null}},"38":{"start":{"line":86,"column":64},"end":{"line":106,"column":null}},"39":{"start":{"line":87,"column":4},"end":{"line":105,"column":5}},"40":{"start":{"line":88,"column":28},"end":{"line":88,"column":38}},"41":{"start":{"line":89,"column":8},"end":{"line":91,"column":9}},"42":{"start":{"line":90,"column":12},"end":{"line":90,"column":76}},"43":{"start":{"line":93,"column":8},"end":{"line":95,"column":9}},"44":{"start":{"line":94,"column":12},"end":{"line":94,"column":92}},"45":{"start":{"line":97,"column":21},"end":{"line":97,"column":61}},"46":{"start":{"line":98,"column":8},"end":{"line":100,"column":9}},"47":{"start":{"line":99,"column":12},"end":{"line":99,"column":82}},"48":{"start":{"line":101,"column":8},"end":{"line":101,"column":74}},"49":{"start":{"line":103,"column":8},"end":{"line":103,"column":62}},"50":{"start":{"line":104,"column":8},"end":{"line":104,"column":74}},"51":{"start":{"line":86,"column":13},"end":{"line":86,"column":26}},"52":{"start":{"line":108,"column":27},"end":{"line":123,"column":null}},"53":{"start":{"line":108,"column":65},"end":{"line":123,"column":null}},"54":{"start":{"line":109,"column":4},"end":{"line":122,"column":5}},"55":{"start":{"line":110,"column":8},"end":{"line":112,"column":9}},"56":{"start":{"line":111,"column":12},"end":{"line":111,"column":92}},"57":{"start":{"line":114,"column":22},"end":{"line":114,"column":54}},"58":{"start":{"line":115,"column":8},"end":{"line":117,"column":9}},"59":{"start":{"line":116,"column":12},"end":{"line":116,"column":51}},"60":{"start":{"line":118,"column":8},"end":{"line":118,"column":74}},"61":{"start":{"line":120,"column":8},"end":{"line":120,"column":63}},"62":{"start":{"line":121,"column":8},"end":{"line":121,"column":74}},"63":{"start":{"line":108,"column":13},"end":{"line":108,"column":27}}},"fnMap":{"0":{"name":"(anonymous_8)","decl":{"start":{"line":10,"column":25},"end":{"line":10,"column":32}},"loc":{"start":{"line":10,"column":63},"end":{"line":57,"column":null}}},"1":{"name":"(anonymous_9)","decl":{"start":{"line":10,"column":63},"end":{"line":10,"column":null}},"loc":{"start":{"line":10,"column":63},"end":{"line":57,"column":1}}},"2":{"name":"(anonymous_10)","decl":{"start":{"line":60,"column":31},"end":{"line":60,"column":38}},"loc":{"start":{"line":60,"column":69},"end":{"line":80,"column":null}}},"3":{"name":"(anonymous_11)","decl":{"start":{"line":60,"column":69},"end":{"line":60,"column":null}},"loc":{"start":{"line":60,"column":69},"end":{"line":80,"column":1}}},"4":{"name":"(anonymous_12)","decl":{"start":{"line":86,"column":26},"end":{"line":86,"column":33}},"loc":{"start":{"line":86,"column":64},"end":{"line":106,"column":null}}},"5":{"name":"(anonymous_13)","decl":{"start":{"line":86,"column":64},"end":{"line":86,"column":null}},"loc":{"start":{"line":86,"column":64},"end":{"line":106,"column":1}}},"6":{"name":"(anonymous_14)","decl":{"start":{"line":108,"column":27},"end":{"line":108,"column":34}},"loc":{"start":{"line":108,"column":65},"end":{"line":123,"column":null}}},"7":{"name":"(anonymous_15)","decl":{"start":{"line":108,"column":65},"end":{"line":108,"column":null}},"loc":{"start":{"line":108,"column":65},"end":{"line":123,"column":1}}}},"branchMap":{"0":{"loc":{"start":{"line":27,"column":8},"end":{"line":29,"column":9}},"type":"if","locations":[{"start":{"line":27,"column":8},"end":{"line":29,"column":9}}]},"1":{"loc":{"start":{"line":32,"column":8},"end":{"line":34,"column":9}},"type":"if","locations":[{"start":{"line":32,"column":8},"end":{"line":34,"column":9}}]},"2":{"loc":{"start":{"line":49,"column":8},"end":{"line":51,"column":9}},"type":"if","locations":[{"start":{"line":49,"column":8},"end":{"line":51,"column":9}}]},"3":{"loc":{"start":{"line":63,"column":8},"end":{"line":65,"column":9}},"type":"if","locations":[{"start":{"line":63,"column":8},"end":{"line":65,"column":9}}]},"4":{"loc":{"start":{"line":67,"column":8},"end":{"line":69,"column":9}},"type":"if","locations":[{"start":{"line":67,"column":8},"end":{"line":69,"column":9}}]},"5":{"loc":{"start":{"line":72,"column":8},"end":{"line":74,"column":9}},"type":"if","locations":[{"start":{"line":72,"column":8},"end":{"line":74,"column":9}}]},"6":{"loc":{"start":{"line":89,"column":8},"end":{"line":91,"column":9}},"type":"if","locations":[{"start":{"line":89,"column":8},"end":{"line":91,"column":9}}]},"7":{"loc":{"start":{"line":93,"column":8},"end":{"line":95,"column":9}},"type":"if","locations":[{"start":{"line":93,"column":8},"end":{"line":95,"column":9}}]},"8":{"loc":{"start":{"line":98,"column":8},"end":{"line":100,"column":9}},"type":"if","locations":[{"start":{"line":98,"column":8},"end":{"line":100,"column":9}}]},"9":{"loc":{"start":{"line":110,"column":8},"end":{"line":112,"column":9}},"type":"if","locations":[{"start":{"line":110,"column":8},"end":{"line":112,"column":9}}]},"10":{"loc":{"start":{"line":115,"column":8},"end":{"line":117,"column":9}},"type":"if","locations":[{"start":{"line":115,"column":8},"end":{"line":117,"column":9}}]}},"s":{"0":1,"1":1,"2":1,"3":1,"4":1,"5":1,"6":0,"7":0,"8":0,"9":0,"10":0,"11":0,"12":0,"13":0,"14":0,"15":0,"16":0,"17":0,"18":0,"19":0,"20":0,"21":1,"22":1,"23":0,"24":0,"25":0,"26":0,"27":0,"28":0,"29":0,"30":0,"31":0,"32":0,"33":0,"34":0,"35":0,"36":1,"37":1,"38":0,"39":0,"40":0,"41":0,"42":0,"43":0,"44":0,"45":0,"46":0,"47":0,"48":0,"49":0,"50":0,"51":1,"52":1,"53":0,"54":0,"55":0,"56":0,"57":0,"58":0,"59":0,"60":0,"61":0,"62":0,"63":1},"f":{"0":0,"1":0,"2":0,"3":0,"4":0,"5":0,"6":0,"7":0},"b":{"0":[0],"1":[0],"2":[0],"3":[0],"4":[0],"5":[0],"6":[0],"7":[0],"8":[0],"9":[0],"10":[0]}}
,"/media/onemus/d42c9065-8792-4148-a205-cc0a748da2941/dev/incourage-challenge/FundFlow-backend/src/controllers/user.controller.ts": {"path":"/media/onemus/d42c9065-8792-4148-a205-cc0a748da2941/dev/incourage-challenge/FundFlow-backend/src/controllers/user.controller.ts","statementMap":{"0":{"start":{"line":1,"column":0},"end":{"line":1,"column":52}},"1":{"start":{"line":3,"column":0},"end":{"line":3,"column":45}},"2":{"start":{"line":4,"column":0},"end":{"line":4,"column":28}},"3":{"start":{"line":5,"column":0},"end":{"line":5,"column":31}},"4":{"start":{"line":6,"column":0},"end":{"line":6,"column":35}},"5":{"start":{"line":7,"column":0},"end":{"line":7,"column":36}},"6":{"start":{"line":8,"column":0},"end":{"line":8,"column":37}},"7":{"start":{"line":12,"column":24},"end":{"line":78,"column":null}},"8":{"start":{"line":12,"column":62},"end":{"line":78,"column":null}},"9":{"start":{"line":13,"column":4},"end":{"line":76,"column":5}},"10":{"start":{"line":14,"column":42},"end":{"line":14,"column":50}},"11":{"start":{"line":15,"column":21},"end":{"line":15,"column":45}},"12":{"start":{"line":16,"column":31},"end":{"line":16,"column":64}},"13":{"start":{"line":17,"column":21},"end":{"line":26,"column":null}},"14":{"start":{"line":29,"column":26},"end":{"line":29,"column":44}},"15":{"start":{"line":30,"column":8},"end":{"line":32,"column":9}},"16":{"start":{"line":31,"column":12},"end":{"line":31,"column":79}},"17":{"start":{"line":35,"column":8},"end":{"line":37,"column":9}},"18":{"start":{"line":36,"column":12},"end":{"line":36,"column":92}},"19":{"start":{"line":39,"column":31},"end":{"line":49,"column":10}},"20":{"start":{"line":51,"column":8},"end":{"line":63,"column":9}},"21":{"start":{"line":52,"column":26},"end":{"line":57,"column":null}},"22":{"start":{"line":59,"column":12},"end":{"line":59,"column":85}},"23":{"start":{"line":62,"column":12},"end":{"line":62,"column":76}},"24":{"start":{"line":70,"column":8},"end":{"line":75,"column":9}},"25":{"start":{"line":71,"column":12},"end":{"line":71,"column":77}},"26":{"start":{"line":74,"column":12},"end":{"line":74,"column":66}},"27":{"start":{"line":12,"column":13},"end":{"line":12,"column":24}},"28":{"start":{"line":81,"column":21},"end":{"line":118,"column":null}},"29":{"start":{"line":81,"column":59},"end":{"line":118,"column":null}},"30":{"start":{"line":82,"column":4},"end":{"line":116,"column":5}},"31":{"start":{"line":83,"column":36},"end":{"line":83,"column":44}},"32":{"start":{"line":86,"column":8},"end":{"line":88,"column":9}},"33":{"start":{"line":87,"column":12},"end":{"line":87,"column":81}},"34":{"start":{"line":90,"column":34},"end":{"line":90,"column":109}},"35":{"start":{"line":92,"column":8},"end":{"line":94,"column":9}},"36":{"start":{"line":93,"column":12},"end":{"line":93,"column":71}},"37":{"start":{"line":96,"column":21},"end":{"line":96,"column":45}},"38":{"start":{"line":97,"column":31},"end":{"line":97,"column":64}},"39":{"start":{"line":100,"column":30},"end":{"line":100,"column":78}},"40":{"start":{"line":101,"column":8},"end":{"line":103,"column":9}},"41":{"start":{"line":102,"column":12},"end":{"line":102,"column":73}},"42":{"start":{"line":105,"column":22},"end":{"line":110,"column":null}},"43":{"start":{"line":112,"column":8},"end":{"line":112,"column":80}},"44":{"start":{"line":115,"column":8},"end":{"line":115,"column":55}},"45":{"start":{"line":81,"column":13},"end":{"line":81,"column":21}},"46":{"start":{"line":121,"column":27},"end":{"line":141,"column":null}},"47":{"start":{"line":121,"column":65},"end":{"line":141,"column":null}},"48":{"start":{"line":122,"column":4},"end":{"line":139,"column":5}},"49":{"start":{"line":123,"column":23},"end":{"line":123,"column":33}},"50":{"start":{"line":125,"column":8},"end":{"line":127,"column":9}},"51":{"start":{"line":126,"column":12},"end":{"line":126,"column":78}},"52":{"start":{"line":129,"column":32},"end":{"line":129,"column":96}},"53":{"start":{"line":131,"column":8},"end":{"line":133,"column":9}},"54":{"start":{"line":132,"column":12},"end":{"line":132,"column":71}},"55":{"start":{"line":135,"column":8},"end":{"line":135,"column":69}},"56":{"start":{"line":138,"column":8},"end":{"line":138,"column":55}},"57":{"start":{"line":121,"column":13},"end":{"line":121,"column":27}},"58":{"start":{"line":144,"column":27},"end":{"line":163,"column":null}},"59":{"start":{"line":144,"column":65},"end":{"line":163,"column":null}},"60":{"start":{"line":145,"column":4},"end":{"line":161,"column":5}},"61":{"start":{"line":146,"column":8},"end":{"line":149,"column":9}},"62":{"start":{"line":147,"column":12},"end":{"line":147,"column":50}},"63":{"start":{"line":148,"column":12},"end":{"line":148,"column":78}},"64":{"start":{"line":151,"column":35},"end":{"line":151,"column":93}},"65":{"start":{"line":153,"column":8},"end":{"line":155,"column":9}},"66":{"start":{"line":154,"column":12},"end":{"line":154,"column":71}},"67":{"start":{"line":156,"column":8},"end":{"line":156,"column":41}},"68":{"start":{"line":157,"column":8},"end":{"line":157,"column":43}},"69":{"start":{"line":160,"column":8},"end":{"line":160,"column":55}},"70":{"start":{"line":144,"column":13},"end":{"line":144,"column":27}},"71":{"start":{"line":166,"column":26},"end":{"line":233,"column":null}},"72":{"start":{"line":166,"column":64},"end":{"line":233,"column":null}},"73":{"start":{"line":167,"column":4},"end":{"line":231,"column":5}},"74":{"start":{"line":169,"column":8},"end":{"line":171,"column":9}},"75":{"start":{"line":170,"column":12},"end":{"line":170,"column":78}},"76":{"start":{"line":173,"column":23},"end":{"line":173,"column":33}},"77":{"start":{"line":176,"column":34},"end":{"line":176,"column":100}},"78":{"start":{"line":178,"column":8},"end":{"line":180,"column":9}},"79":{"start":{"line":179,"column":12},"end":{"line":179,"column":71}},"80":{"start":{"line":181,"column":51},"end":{"line":181,"column":59}},"81":{"start":{"line":182,"column":21},"end":{"line":182,"column":45}},"82":{"start":{"line":183,"column":31},"end":{"line":183,"column":64}},"83":{"start":{"line":186,"column":28},"end":{"line":195,"column":null}},"84":{"start":{"line":199,"column":8},"end":{"line":199,"column":null}},"85":{"start":{"line":202,"column":26},"end":{"line":202,"column":51}},"86":{"start":{"line":203,"column":8},"end":{"line":205,"column":9}},"87":{"start":{"line":204,"column":12},"end":{"line":204,"column":79}},"88":{"start":{"line":207,"column":28},"end":{"line":217,"column":10}},"89":{"start":{"line":220,"column":8},"end":{"line":225,"column":9}},"90":{"start":{"line":221,"column":12},"end":{"line":221,"column":88}},"91":{"start":{"line":224,"column":12},"end":{"line":224,"column":73}},"92":{"start":{"line":230,"column":8},"end":{"line":230,"column":55}},"93":{"start":{"line":166,"column":13},"end":{"line":166,"column":26}},"94":{"start":{"line":236,"column":26},"end":{"line":265,"column":null}},"95":{"start":{"line":236,"column":64},"end":{"line":265,"column":null}},"96":{"start":{"line":238,"column":4},"end":{"line":263,"column":5}},"97":{"start":{"line":239,"column":23},"end":{"line":239,"column":33}},"98":{"start":{"line":241,"column":8},"end":{"line":243,"column":9}},"99":{"start":{"line":242,"column":12},"end":{"line":242,"column":78}},"100":{"start":{"line":245,"column":32},"end":{"line":245,"column":96}},"101":{"start":{"line":247,"column":8},"end":{"line":249,"column":9}},"102":{"start":{"line":248,"column":12},"end":{"line":248,"column":71}},"103":{"start":{"line":251,"column":28},"end":{"line":251,"column":67}},"104":{"start":{"line":253,"column":8},"end":{"line":258,"column":9}},"105":{"start":{"line":254,"column":12},"end":{"line":254,"column":69}},"106":{"start":{"line":257,"column":12},"end":{"line":257,"column":78}},"107":{"start":{"line":262,"column":8},"end":{"line":262,"column":55}},"108":{"start":{"line":236,"column":13},"end":{"line":236,"column":26}}},"fnMap":{"0":{"name":"(anonymous_8)","decl":{"start":{"line":12,"column":24},"end":{"line":12,"column":31}},"loc":{"start":{"line":12,"column":62},"end":{"line":78,"column":null}}},"1":{"name":"(anonymous_9)","decl":{"start":{"line":12,"column":62},"end":{"line":12,"column":null}},"loc":{"start":{"line":12,"column":62},"end":{"line":78,"column":1}}},"2":{"name":"(anonymous_10)","decl":{"start":{"line":81,"column":21},"end":{"line":81,"column":28}},"loc":{"start":{"line":81,"column":59},"end":{"line":118,"column":null}}},"3":{"name":"(anonymous_11)","decl":{"start":{"line":81,"column":59},"end":{"line":81,"column":null}},"loc":{"start":{"line":81,"column":59},"end":{"line":118,"column":1}}},"4":{"name":"(anonymous_12)","decl":{"start":{"line":121,"column":27},"end":{"line":121,"column":34}},"loc":{"start":{"line":121,"column":65},"end":{"line":141,"column":null}}},"5":{"name":"(anonymous_13)","decl":{"start":{"line":121,"column":65},"end":{"line":121,"column":null}},"loc":{"start":{"line":121,"column":65},"end":{"line":141,"column":1}}},"6":{"name":"(anonymous_14)","decl":{"start":{"line":144,"column":27},"end":{"line":144,"column":34}},"loc":{"start":{"line":144,"column":65},"end":{"line":163,"column":null}}},"7":{"name":"(anonymous_15)","decl":{"start":{"line":144,"column":65},"end":{"line":144,"column":null}},"loc":{"start":{"line":144,"column":65},"end":{"line":163,"column":1}}},"8":{"name":"(anonymous_16)","decl":{"start":{"line":166,"column":26},"end":{"line":166,"column":33}},"loc":{"start":{"line":166,"column":64},"end":{"line":233,"column":null}}},"9":{"name":"(anonymous_17)","decl":{"start":{"line":166,"column":64},"end":{"line":166,"column":null}},"loc":{"start":{"line":166,"column":64},"end":{"line":233,"column":1}}},"10":{"name":"(anonymous_18)","decl":{"start":{"line":236,"column":26},"end":{"line":236,"column":33}},"loc":{"start":{"line":236,"column":64},"end":{"line":265,"column":null}}},"11":{"name":"(anonymous_19)","decl":{"start":{"line":236,"column":64},"end":{"line":236,"column":null}},"loc":{"start":{"line":236,"column":64},"end":{"line":265,"column":1}}}},"branchMap":{"0":{"loc":{"start":{"line":30,"column":8},"end":{"line":32,"column":9}},"type":"if","locations":[{"start":{"line":30,"column":8},"end":{"line":32,"column":9}}]},"1":{"loc":{"start":{"line":35,"column":8},"end":{"line":37,"column":9}},"type":"if","locations":[{"start":{"line":35,"column":8},"end":{"line":37,"column":9}}]},"2":{"loc":{"start":{"line":51,"column":8},"end":{"line":63,"column":9}},"type":"if","locations":[{"start":{"line":51,"column":8},"end":{"line":63,"column":9}},{"start":{"line":61,"column":13},"end":{"line":63,"column":9}}]},"3":{"loc":{"start":{"line":70,"column":8},"end":{"line":75,"column":9}},"type":"if","locations":[{"start":{"line":70,"column":8},"end":{"line":75,"column":9}},{"start":{"line":73,"column":13},"end":{"line":75,"column":9}}]},"4":{"loc":{"start":{"line":86,"column":8},"end":{"line":88,"column":9}},"type":"if","locations":[{"start":{"line":86,"column":8},"end":{"line":88,"column":9}}]},"5":{"loc":{"start":{"line":92,"column":8},"end":{"line":94,"column":9}},"type":"if","locations":[{"start":{"line":92,"column":8},"end":{"line":94,"column":9}}]},"6":{"loc":{"start":{"line":101,"column":8},"end":{"line":103,"column":9}},"type":"if","locations":[{"start":{"line":101,"column":8},"end":{"line":103,"column":9}}]},"7":{"loc":{"start":{"line":125,"column":8},"end":{"line":127,"column":9}},"type":"if","locations":[{"start":{"line":125,"column":8},"end":{"line":127,"column":9}}]},"8":{"loc":{"start":{"line":131,"column":8},"end":{"line":133,"column":9}},"type":"if","locations":[{"start":{"line":131,"column":8},"end":{"line":133,"column":9}}]},"9":{"loc":{"start":{"line":146,"column":8},"end":{"line":149,"column":9}},"type":"if","locations":[{"start":{"line":146,"column":8},"end":{"line":149,"column":9}}]},"10":{"loc":{"start":{"line":153,"column":8},"end":{"line":155,"column":9}},"type":"if","locations":[{"start":{"line":153,"column":8},"end":{"line":155,"column":9}}]},"11":{"loc":{"start":{"line":169,"column":8},"end":{"line":171,"column":9}},"type":"if","locations":[{"start":{"line":169,"column":8},"end":{"line":171,"column":9}}]},"12":{"loc":{"start":{"line":178,"column":8},"end":{"line":180,"column":9}},"type":"if","locations":[{"start":{"line":178,"column":8},"end":{"line":180,"column":9}}]},"13":{"loc":{"start":{"line":193,"column":12},"end":{"line":193,"column":56}},"type":"cond-expr","locations":[{"start":{"line":193,"column":49},"end":{"line":193,"column":52}},{"start":{"line":193,"column":53},"end":{"line":193,"column":56}}]},"14":{"loc":{"start":{"line":195,"column":12},"end":{"line":195,"column":59}},"type":"cond-expr","locations":[{"start":{"line":195,"column":52},"end":{"line":195,"column":55}},{"start":{"line":195,"column":56},"end":{"line":195,"column":59}}]},"15":{"loc":{"start":{"line":203,"column":8},"end":{"line":205,"column":9}},"type":"if","locations":[{"start":{"line":203,"column":8},"end":{"line":205,"column":9}}]},"16":{"loc":{"start":{"line":220,"column":8},"end":{"line":225,"column":9}},"type":"if","locations":[{"start":{"line":220,"column":8},"end":{"line":225,"column":9}},{"start":{"line":223,"column":13},"end":{"line":225,"column":9}}]},"17":{"loc":{"start":{"line":241,"column":8},"end":{"line":243,"column":9}},"type":"if","locations":[{"start":{"line":241,"column":8},"end":{"line":243,"column":9}}]},"18":{"loc":{"start":{"line":247,"column":8},"end":{"line":249,"column":9}},"type":"if","locations":[{"start":{"line":247,"column":8},"end":{"line":249,"column":9}}]},"19":{"loc":{"start":{"line":253,"column":8},"end":{"line":258,"column":9}},"type":"if","locations":[{"start":{"line":253,"column":8},"end":{"line":258,"column":9}},{"start":{"line":256,"column":13},"end":{"line":258,"column":9}}]}},"s":{"0":1,"1":1,"2":1,"3":1,"4":1,"5":1,"6":1,"7":1,"8":0,"9":0,"10":0,"11":0,"12":0,"13":0,"14":0,"15":0,"16":0,"17":0,"18":0,"19":0,"20":0,"21":0,"22":0,"23":0,"24":0,"25":0,"26":0,"27":1,"28":1,"29":0,"30":0,"31":0,"32":0,"33":0,"34":0,"35":0,"36":0,"37":0,"38":0,"39":0,"40":0,"41":0,"42":0,"43":0,"44":0,"45":1,"46":1,"47":0,"48":0,"49":0,"50":0,"51":0,"52":0,"53":0,"54":0,"55":0,"56":0,"57":1,"58":1,"59":0,"60":0,"61":0,"62":0,"63":0,"64":0,"65":0,"66":0,"67":0,"68":0,"69":0,"70":1,"71":1,"72":0,"73":0,"74":0,"75":0,"76":0,"77":0,"78":0,"79":0,"80":0,"81":0,"82":0,"83":0,"84":0,"85":0,"86":0,"87":0,"88":0,"89":0,"90":0,"91":0,"92":0,"93":1,"94":1,"95":0,"96":0,"97":0,"98":0,"99":0,"100":0,"101":0,"102":0,"103":0,"104":0,"105":0,"106":0,"107":0,"108":1},"f":{"0":0,"1":0,"2":0,"3":0,"4":0,"5":0,"6":0,"7":0,"8":0,"9":0,"10":0,"11":0},"b":{"0":[0],"1":[0],"2":[0,0],"3":[0,0],"4":[0],"5":[0],"6":[0],"7":[0],"8":[0],"9":[0],"10":[0],"11":[0],"12":[0],"13":[0,0],"14":[0,0],"15":[0],"16":[0,0],"17":[0],"18":[0],"19":[0,0]}}
,"/media/onemus/d42c9065-8792-4148-a205-cc0a748da2941/dev/incourage-challenge/FundFlow-backend/src/db/dbconnector.ts": {"path":"/media/onemus/d42c9065-8792-4148-a205-cc0a748da2941/dev/incourage-challenge/FundFlow-backend/src/db/dbconnector.ts","statementMap":{"0":{"start":{"line":1,"column":0},"end":{"line":1,"column":25}},"1":{"start":{"line":2,"column":0},"end":{"line":2,"column":42}},"2":{"start":{"line":16,"column":8},"end":{"line":16,"column":null}},"3":{"start":{"line":19,"column":19},"end":{"line":19,"column":36}},"4":{"start":{"line":20,"column":8},"end":{"line":20,"column":null}},"5":{"start":{"line":21,"column":8},"end":{"line":23,"column":null}},"6":{"start":{"line":22,"column":12},"end":{"line":22,"column":null}},"7":{"start":{"line":25,"column":8},"end":{"line":25,"column":null}},"8":{"start":{"line":29,"column":15},"end":{"line":37,"column":null}},"9":{"start":{"line":31,"column":26},"end":{"line":31,"column":60}},"10":{"start":{"line":32,"column":21},"end":{"line":32,"column":58}},"11":{"start":{"line":33,"column":21},"end":{"line":33,"column":64}},"12":{"start":{"line":34,"column":8},"end":{"line":34,"column":null}},"13":{"start":{"line":35,"column":8},"end":{"line":35,"column":null}},"14":{"start":{"line":40,"column":8},"end":{"line":44,"column":null}},"15":{"start":{"line":41,"column":12},"end":{"line":41,"column":null}},"16":{"start":{"line":43,"column":12},"end":{"line":43,"column":null}},"17":{"start":{"line":13,"column":0},"end":{"line":13,"column":13}},"18":{"start":{"line":49,"column":9},"end":{"line":49,"column":30}},"19":{"start":{"line":50,"column":0},"end":{"line":50,"column":null}}},"fnMap":{"0":{"name":"(anonymous_8)","decl":{"start":{"line":15,"column":4},"end":{"line":15,"column":null}},"loc":{"start":{"line":15,"column":4},"end":{"line":17,"column":5}}},"1":{"name":"(anonymous_9)","decl":{"start":{"line":18,"column":4},"end":{"line":18,"column":17}},"loc":{"start":{"line":18,"column":71},"end":{"line":27,"column":5}}},"2":{"name":"(anonymous_10)","decl":{"start":{"line":21,"column":17},"end":{"line":21,"column":24}},"loc":{"start":{"line":21,"column":26},"end":{"line":23,"column":9}}},"3":{"name":"(anonymous_11)","decl":{"start":{"line":29,"column":10},"end":{"line":29,"column":14}},"loc":{"start":{"line":29,"column":14},"end":{"line":37,"column":null}}},"4":{"name":"(anonymous_12)","decl":{"start":{"line":29,"column":15},"end":{"line":29,"column":24}},"loc":{"start":{"line":29,"column":52},"end":{"line":37,"column":5}}},"5":{"name":"(anonymous_13)","decl":{"start":{"line":39,"column":4},"end":{"line":39,"column":19}},"loc":{"start":{"line":39,"column":19},"end":{"line":45,"column":5}}},"6":{"name":"(anonymous_14)","decl":{"start":{"line":40,"column":30},"end":{"line":40,"column":32}},"loc":{"start":{"line":40,"column":34},"end":{"line":42,"column":9}}},"7":{"name":"(anonymous_15)","decl":{"start":{"line":42,"column":17},"end":{"line":42,"column":19}},"loc":{"start":{"line":42,"column":21},"end":{"line":44,"column":9}}}},"branchMap":{"0":{"loc":{"start":{"line":29,"column":25},"end":{"line":29,"column":52}},"type":"default-arg","locations":[{"start":{"line":29,"column":50},"end":{"line":29,"column":52}}]}},"s":{"0":1,"1":1,"2":1,"3":0,"4":0,"5":0,"6":0,"7":0,"8":0,"9":0,"10":0,"11":0,"12":0,"13":0,"14":0,"15":0,"16":0,"17":1,"18":1,"19":1},"f":{"0":1,"1":0,"2":0,"3":0,"4":0,"5":0,"6":0,"7":0},"b":{"0":[0]}}
,"/media/onemus/d42c9065-8792-4148-a205-cc0a748da2941/dev/incourage-challenge/FundFlow-backend/src/helpers/creditscore.validate.ts": {"path":"/media/onemus/d42c9065-8792-4148-a205-cc0a748da2941/dev/incourage-challenge/FundFlow-backend/src/helpers/creditscore.validate.ts","statementMap":{"0":{"start":{"line":1,"column":0},"end":{"line":1,"column":22}},"1":{"start":{"line":4,"column":26},"end":{"line":14,"column":2}},"2":{"start":{"line":16,"column":28},"end":{"line":18,"column":1}},"3":{"start":{"line":17,"column":4},"end":{"line":17,"column":null}},"4":{"start":{"line":20,"column":0},"end":{"line":20,"column":null}}},"fnMap":{"0":{"name":"(anonymous_1)","decl":{"start":{"line":16,"column":28},"end":{"line":16,"column":29}},"loc":{"start":{"line":16,"column":61},"end":{"line":18,"column":1}}}},"branchMap":{},"s":{"0":1,"1":1,"2":1,"3":0,"4":1},"f":{"0":0},"b":{}}
,"/media/onemus/d42c9065-8792-4148-a205-cc0a748da2941/dev/incourage-challenge/FundFlow-backend/src/helpers/loan.validate.ts": {"path":"/media/onemus/d42c9065-8792-4148-a205-cc0a748da2941/dev/incourage-challenge/FundFlow-backend/src/helpers/loan.validate.ts","statementMap":{"0":{"start":{"line":1,"column":0},"end":{"line":1,"column":22}},"1":{"start":{"line":7,"column":19},"end":{"line":18,"column":2}},"2":{"start":{"line":20,"column":21},"end":{"line":22,"column":1}},"3":{"start":{"line":21,"column":4},"end":{"line":21,"column":null}},"4":{"start":{"line":24,"column":0},"end":{"line":24,"column":null}}},"fnMap":{"0":{"name":"(anonymous_1)","decl":{"start":{"line":20,"column":21},"end":{"line":20,"column":22}},"loc":{"start":{"line":20,"column":40},"end":{"line":22,"column":1}}}},"branchMap":{},"s":{"0":1,"1":1,"2":1,"3":0,"4":1},"f":{"0":0},"b":{}}
,"/media/onemus/d42c9065-8792-4148-a205-cc0a748da2941/dev/incourage-challenge/FundFlow-backend/src/helpers/user.validate.ts": {"path":"/media/onemus/d42c9065-8792-4148-a205-cc0a748da2941/dev/incourage-challenge/FundFlow-backend/src/helpers/user.validate.ts","statementMap":{"0":{"start":{"line":2,"column":0},"end":{"line":2,"column":22}},"1":{"start":{"line":4,"column":19},"end":{"line":14,"column":2}},"2":{"start":{"line":16,"column":21},"end":{"line":18,"column":1}},"3":{"start":{"line":17,"column":4},"end":{"line":17,"column":null}},"4":{"start":{"line":20,"column":0},"end":{"line":20,"column":null}}},"fnMap":{"0":{"name":"(anonymous_1)","decl":{"start":{"line":16,"column":21},"end":{"line":16,"column":22}},"loc":{"start":{"line":16,"column":40},"end":{"line":18,"column":1}}}},"branchMap":{},"s":{"0":1,"1":1,"2":1,"3":0,"4":1},"f":{"0":0},"b":{}}
,"/media/onemus/d42c9065-8792-4148-a205-cc0a748da2941/dev/incourage-challenge/FundFlow-backend/src/middlewares/error.middleware.ts": {"path":"/media/onemus/d42c9065-8792-4148-a205-cc0a748da2941/dev/incourage-challenge/FundFlow-backend/src/middlewares/error.middleware.ts","statementMap":{"0":{"start":{"line":5,"column":17},"end":{"line":9,"column":3}},"1":{"start":{"line":6,"column":18},"end":{"line":6,"column":61}},"2":{"start":{"line":7,"column":4},"end":{"line":7,"column":20}},"3":{"start":{"line":8,"column":4},"end":{"line":8,"column":16}},"4":{"start":{"line":26,"column":11},"end":{"line":26,"column":19}},"5":{"start":{"line":12,"column":23},"end":{"line":24,"column":3}},"6":{"start":{"line":13,"column":21},"end":{"line":13,"column":66}},"7":{"start":{"line":14,"column":18},"end":{"line":14,"column":29}},"8":{"start":{"line":15,"column":4},"end":{"line":18,"column":5}},"9":{"start":{"line":16,"column":6},"end":{"line":16,"column":23}},"10":{"start":{"line":17,"column":6},"end":{"line":17,"column":37}},"11":{"start":{"line":19,"column":4},"end":{"line":23,"column":7}},"12":{"start":{"line":26,"column":21},"end":{"line":26,"column":33}}},"fnMap":{"0":{"name":"(anonymous_0)","decl":{"start":{"line":5,"column":17},"end":{"line":5,"column":18}},"loc":{"start":{"line":5,"column":69},"end":{"line":9,"column":3}}},"1":{"name":"(anonymous_1)","decl":{"start":{"line":12,"column":23},"end":{"line":12,"column":25}},"loc":{"start":{"line":12,"column":86},"end":{"line":24,"column":3}}}},"branchMap":{"0":{"loc":{"start":{"line":13,"column":21},"end":{"line":13,"column":66}},"type":"cond-expr","locations":[{"start":{"line":13,"column":46},"end":{"line":13,"column":49}},{"start":{"line":13,"column":52},"end":{"line":13,"column":66}}]},"1":{"loc":{"start":{"line":15,"column":4},"end":{"line":18,"column":5}},"type":"if","locations":[{"start":{"line":15,"column":4},"end":{"line":18,"column":5}}]},"2":{"loc":{"start":{"line":15,"column":8},"end":{"line":15,"column":59}},"type":"binary-expr","locations":[{"start":{"line":15,"column":8},"end":{"line":15,"column":32}},{"start":{"line":15,"column":36},"end":{"line":15,"column":59}}]},"3":{"loc":{"start":{"line":22,"column":13},"end":{"line":22,"column":70}},"type":"cond-expr","locations":[{"start":{"line":22,"column":54},"end":{"line":22,"column":63}},{"start":{"line":22,"column":66},"end":{"line":22,"column":70}}]}},"s":{"0":1,"1":0,"2":0,"3":0,"4":1,"5":1,"6":0,"7":0,"8":0,"9":0,"10":0,"11":0,"12":1},"f":{"0":0,"1":0},"b":{"0":[0,0],"1":[0],"2":[0,0],"3":[0,0]}}
,"/media/onemus/d42c9065-8792-4148-a205-cc0a748da2941/dev/incourage-challenge/FundFlow-backend/src/middlewares/verify.middleware.ts": {"path":"/media/onemus/d42c9065-8792-4148-a205-cc0a748da2941/dev/incourage-challenge/FundFlow-backend/src/middlewares/verify.middleware.ts","statementMap":{"0":{"start":{"line":2,"column":0},"end":{"line":2,"column":31}},"1":{"start":{"line":3,"column":0},"end":{"line":3,"column":28}},"2":{"start":{"line":4,"column":0},"end":{"line":4,"column":24}},"3":{"start":{"line":5,"column":0},"end":{"line":5,"column":37}},"4":{"start":{"line":6,"column":0},"end":{"line":6,"column":63}},"5":{"start":{"line":8,"column":27},"end":{"line":33,"column":1}},"6":{"start":{"line":10,"column":25},"end":{"line":10,"column":53}},"7":{"start":{"line":11,"column":4},"end":{"line":32,"column":5}},"8":{"start":{"line":12,"column":23},"end":{"line":12,"column":46}},"9":{"start":{"line":13,"column":28},"end":{"line":13,"column":37}},"10":{"start":{"line":15,"column":8},"end":{"line":29,"column":9}},"11":{"start":{"line":16,"column":12},"end":{"line":24,"column":14}},"12":{"start":{"line":17,"column":16},"end":{"line":22,"column":17}},"13":{"start":{"line":18,"column":20},"end":{"line":18,"column":40}},"14":{"start":{"line":20,"column":20},"end":{"line":20,"column":45}},"15":{"start":{"line":21,"column":20},"end":{"line":21,"column":27}},"16":{"start":{"line":27,"column":12},"end":{"line":27,"column":null}},"17":{"start":{"line":31,"column":8},"end":{"line":31,"column":28}},"18":{"start":{"line":8,"column":13},"end":{"line":8,"column":27}}},"fnMap":{"0":{"name":"(anonymous_1)","decl":{"start":{"line":8,"column":27},"end":{"line":8,"column":28}},"loc":{"start":{"line":8,"column":79},"end":{"line":33,"column":1}}},"1":{"name":"(anonymous_2)","decl":{"start":{"line":16,"column":69},"end":{"line":16,"column":70}},"loc":{"start":{"line":16,"column":87},"end":{"line":23,"column":13}}}},"branchMap":{"0":{"loc":{"start":{"line":11,"column":4},"end":{"line":32,"column":5}},"type":"if","locations":[{"start":{"line":11,"column":4},"end":{"line":32,"column":5}},{"start":{"line":30,"column":11},"end":{"line":32,"column":5}}]},"1":{"loc":{"start":{"line":17,"column":16},"end":{"line":22,"column":17}},"type":"if","locations":[{"start":{"line":17,"column":16},"end":{"line":22,"column":17}},{"start":{"line":19,"column":23},"end":{"line":22,"column":17}}]}},"s":{"0":1,"1":1,"2":1,"3":1,"4":1,"5":1,"6":0,"7":0,"8":0,"9":0,"10":0,"11":0,"12":0,"13":0,"14":0,"15":0,"16":0,"17":0,"18":1},"f":{"0":0,"1":0},"b":{"0":[0,0],"1":[0,0]}}
,"/media/onemus/d42c9065-8792-4148-a205-cc0a748da2941/dev/incourage-challenge/FundFlow-backend/src/models/creditscore.model.ts": {"path":"/media/onemus/d42c9065-8792-4148-a205-cc0a748da2941/dev/incourage-challenge/FundFlow-backend/src/models/creditscore.model.ts","statementMap":{"0":{"start":{"line":14,"column":8},"end":{"line":14,"column":21}},"1":{"start":{"line":15,"column":8},"end":{"line":15,"column":31}},"2":{"start":{"line":16,"column":8},"end":{"line":16,"column":37}},"3":{"start":{"line":17,"column":8},"end":{"line":17,"column":37}},"4":{"start":{"line":18,"column":8},"end":{"line":18,"column":41}},"5":{"start":{"line":19,"column":8},"end":{"line":19,"column":37}},"6":{"start":{"line":20,"column":8},"end":{"line":20,"column":29}},"7":{"start":{"line":21,"column":8},"end":{"line":21,"column":53}},"8":{"start":{"line":22,"column":8},"end":{"line":22,"column":59}},"9":{"start":{"line":27,"column":0},"end":{"line":27,"column":null}}},"fnMap":{"0":{"name":"(anonymous_0)","decl":{"start":{"line":13,"column":4},"end":{"line":13,"column":16}},"loc":{"start":{"line":13,"column":200},"end":{"line":23,"column":5}}}},"branchMap":{},"s":{"0":0,"1":0,"2":0,"3":0,"4":0,"5":0,"6":0,"7":0,"8":0,"9":1},"f":{"0":0},"b":{}}
,"/media/onemus/d42c9065-8792-4148-a205-cc0a748da2941/dev/incourage-challenge/FundFlow-backend/src/models/loan.model.ts": {"path":"/media/onemus/d42c9065-8792-4148-a205-cc0a748da2941/dev/incourage-challenge/FundFlow-backend/src/models/loan.model.ts","statementMap":{"0":{"start":{"line":15,"column":8},"end":{"line":15,"column":21}},"1":{"start":{"line":16,"column":8},"end":{"line":16,"column":31}},"2":{"start":{"line":17,"column":8},"end":{"line":17,"column":29}},"3":{"start":{"line":18,"column":8},"end":{"line":18,"column":43}},"4":{"start":{"line":19,"column":8},"end":{"line":19,"column":37}},"5":{"start":{"line":20,"column":8},"end":{"line":20,"column":37}},"6":{"start":{"line":21,"column":8},"end":{"line":21,"column":37}},"7":{"start":{"line":22,"column":8},"end":{"line":22,"column":31}},"8":{"start":{"line":23,"column":8},"end":{"line":23,"column":31}},"9":{"start":{"line":24,"column":8},"end":{"line":24,"column":29}},"10":{"start":{"line":29,"column":0},"end":{"line":29,"column":null}}},"fnMap":{"0":{"name":"(anonymous_0)","decl":{"start":{"line":14,"column":4},"end":{"line":14,"column":16}},"loc":{"start":{"line":14,"column":194},"end":{"line":25,"column":5}}}},"branchMap":{},"s":{"0":0,"1":0,"2":0,"3":0,"4":0,"5":0,"6":0,"7":0,"8":0,"9":0,"10":1},"f":{"0":0},"b":{}}
,"/media/onemus/d42c9065-8792-4148-a205-cc0a748da2941/dev/incourage-challenge/FundFlow-backend/src/models/user.model.ts": {"path":"/media/onemus/d42c9065-8792-4148-a205-cc0a748da2941/dev/incourage-challenge/FundFlow-backend/src/models/user.model.ts","statementMap":{"0":{"start":{"line":14,"column":8},"end":{"line":14,"column":21}},"1":{"start":{"line":15,"column":8},"end":{"line":15,"column":25}},"2":{"start":{"line":16,"column":8},"end":{"line":16,"column":27}},"3":{"start":{"line":17,"column":8},"end":{"line":17,"column":33}},"4":{"start":{"line":18,"column":8},"end":{"line":18,"column":37}},"5":{"start":{"line":19,"column":8},"end":{"line":19,"column":37}},"6":{"start":{"line":20,"column":8},"end":{"line":20,"column":31}},"7":{"start":{"line":21,"column":8},"end":{"line":21,"column":33}},"8":{"start":{"line":22,"column":8},"end":{"line":22,"column":37}},"9":{"start":{"line":28,"column":0},"end":{"line":28,"column":null}}},"fnMap":{"0":{"name":"(anonymous_0)","decl":{"start":{"line":13,"column":4},"end":{"line":13,"column":16}},"loc":{"start":{"line":13,"column":168},"end":{"line":23,"column":5}}}},"branchMap":{},"s":{"0":0,"1":0,"2":0,"3":0,"4":0,"5":0,"6":0,"7":0,"8":0,"9":1},"f":{"0":0},"b":{}}
,"/media/onemus/d42c9065-8792-4148-a205-cc0a748da2941/dev/incourage-challenge/FundFlow-backend/src/routes/creditscore.routes.ts": {"path":"/media/onemus/d42c9065-8792-4148-a205-cc0a748da2941/dev/incourage-challenge/FundFlow-backend/src/routes/creditscore.routes.ts","statementMap":{"0":{"start":{"line":1,"column":0},"end":{"line":1,"column":33}},"1":{"start":{"line":2,"column":0},"end":{"line":2,"column":63}},"2":{"start":{"line":3,"column":0},"end":{"line":3,"column":134}},"3":{"start":{"line":6,"column":26},"end":{"line":6,"column":34}},"4":{"start":{"line":9,"column":0},"end":{"line":9,"column":47}},"5":{"start":{"line":10,"column":0},"end":{"line":10,"column":71}},"6":{"start":{"line":11,"column":0},"end":{"line":11,"column":59}},"7":{"start":{"line":12,"column":0},"end":{"line":12,"column":77}},"8":{"start":{"line":15,"column":0},"end":{"line":15,"column":33}}},"fnMap":{},"branchMap":{},"s":{"0":1,"1":1,"2":1,"3":1,"4":1,"5":1,"6":1,"7":1,"8":1},"f":{},"b":{}}
,"/media/onemus/d42c9065-8792-4148-a205-cc0a748da2941/dev/incourage-challenge/FundFlow-backend/src/routes/loan.routes.ts": {"path":"/media/onemus/d42c9065-8792-4148-a205-cc0a748da2941/dev/incourage-challenge/FundFlow-backend/src/routes/loan.routes.ts","statementMap":{"0":{"start":{"line":1,"column":0},"end":{"line":1,"column":33}},"1":{"start":{"line":2,"column":0},"end":{"line":2,"column":63}},"2":{"start":{"line":3,"column":0},"end":{"line":3,"column":98}},"3":{"start":{"line":6,"column":19},"end":{"line":6,"column":27}},"4":{"start":{"line":9,"column":0},"end":{"line":9,"column":45}},"5":{"start":{"line":10,"column":0},"end":{"line":10,"column":57}},"6":{"start":{"line":11,"column":0},"end":{"line":11,"column":44}},"7":{"start":{"line":12,"column":0},"end":{"line":12,"column":55}},"8":{"start":{"line":15,"column":0},"end":{"line":15,"column":26}}},"fnMap":{},"branchMap":{},"s":{"0":1,"1":1,"2":1,"3":1,"4":1,"5":1,"6":1,"7":1,"8":1},"f":{},"b":{}}
,"/media/onemus/d42c9065-8792-4148-a205-cc0a748da2941/dev/incourage-challenge/FundFlow-backend/src/routes/user.routes.ts": {"path":"/media/onemus/d42c9065-8792-4148-a205-cc0a748da2941/dev/incourage-challenge/FundFlow-backend/src/routes/user.routes.ts","statementMap":{"0":{"start":{"line":1,"column":0},"end":{"line":1,"column":33}},"1":{"start":{"line":2,"column":0},"end":{"line":2,"column":63}},"2":{"start":{"line":3,"column":0},"end":{"line":3,"column":114}},"3":{"start":{"line":5,"column":19},"end":{"line":5,"column":27}},"4":{"start":{"line":7,"column":0},"end":{"line":7,"column":33}},"5":{"start":{"line":8,"column":0},"end":{"line":8,"column":39}},"6":{"start":{"line":9,"column":0},"end":{"line":9,"column":48}},"7":{"start":{"line":10,"column":0},"end":{"line":10,"column":47}},"8":{"start":{"line":11,"column":0},"end":{"line":11,"column":50}},"9":{"start":{"line":12,"column":0},"end":{"line":12,"column":33}},"10":{"start":{"line":15,"column":0},"end":{"line":15,"column":26}}},"fnMap":{},"branchMap":{},"s":{"0":1,"1":1,"2":1,"3":1,"4":1,"5":1,"6":1,"7":1,"8":1,"9":1,"10":1},"f":{},"b":{}}
,"/media/onemus/d42c9065-8792-4148-a205-cc0a748da2941/dev/incourage-challenge/FundFlow-backend/src/tests/helpers/integration-helper.ts": {"path":"/media/onemus/d42c9065-8792-4148-a205-cc0a748da2941/dev/incourage-challenge/FundFlow-backend/src/tests/helpers/integration-helper.ts","statementMap":{"0":{"start":{"line":3,"column":0},"end":{"line":3,"column":28}},"1":{"start":{"line":4,"column":0},"end":{"line":4,"column":40}},"2":{"start":{"line":11,"column":8},"end":{"line":13,"column":9}},"3":{"start":{"line":12,"column":12},"end":{"line":12,"column":36}},"4":{"start":{"line":14,"column":8},"end":{"line":14,"column":31}},"5":{"start":{"line":16,"column":8},"end":{"line":16,"column":32}},"6":{"start":{"line":20,"column":8},"end":{"line":20,"column":42}},"7":{"start":{"line":6,"column":0},"end":{"line":6,"column":21}}},"fnMap":{"0":{"name":"(anonymous_8)","decl":{"start":{"line":10,"column":11},"end":{"line":10,"column":17}},"loc":{"start":{"line":10,"column":30},"end":{"line":17,"column":null}}},"1":{"name":"(anonymous_10)","decl":{"start":{"line":19,"column":11},"end":{"line":19,"column":24}},"loc":{"start":{"line":19,"column":24},"end":{"line":21,"column":5}}}},"branchMap":{"0":{"loc":{"start":{"line":11,"column":8},"end":{"line":13,"column":9}},"type":"if","locations":[{"start":{"line":11,"column":8},"end":{"line":13,"column":9}}]}},"s":{"0":1,"1":1,"2":1,"3":0,"4":1,"5":1,"6":0,"7":1},"f":{"0":1,"1":0},"b":{"0":[0]}}
,"/media/onemus/d42c9065-8792-4148-a205-cc0a748da2941/dev/incourage-challenge/FundFlow-backend/src/utils/currentUser.ts": {"path":"/media/onemus/d42c9065-8792-4148-a205-cc0a748da2941/dev/incourage-challenge/FundFlow-backend/src/utils/currentUser.ts","statementMap":{"0":{"start":{"line":5,"column":4},"end":{"line":13,"column":5}},"1":{"start":{"line":8,"column":21},"end":{"line":8,"column":62}},"2":{"start":{"line":9,"column":8},"end":{"line":9,"column":20}},"3":{"start":{"line":11,"column":8},"end":{"line":11,"column":54}},"4":{"start":{"line":12,"column":8},"end":{"line":12,"column":20}},"5":{"start":{"line":16,"column":0},"end":{"line":16,"column":23}}},"fnMap":{"0":{"name":"getUser","decl":{"start":{"line":4,"column":9},"end":{"line":4,"column":16}},"loc":{"start":{"line":4,"column":30},"end":{"line":14,"column":1}}}},"branchMap":{},"s":{"0":1,"1":1,"2":1,"3":0,"4":0,"5":1},"f":{"0":1},"b":{}}
,"/media/onemus/d42c9065-8792-4148-a205-cc0a748da2941/dev/incourage-challenge/FundFlow-backend/src/utils/logger.ts": {"path":"/media/onemus/d42c9065-8792-4148-a205-cc0a748da2941/dev/incourage-challenge/FundFlow-backend/src/utils/logger.ts","statementMap":{"0":{"start":{"line":1,"column":0},"end":{"line":1,"column":30}},"1":{"start":{"line":4,"column":21},"end":{"line":6,"column":2}},"2":{"start":{"line":5,"column":4},"end":{"line":5,"column":97}},"3":{"start":{"line":8,"column":15},"end":{"line":18,"column":2}},"4":{"start":{"line":20,"column":0},"end":{"line":20,"column":22}}},"fnMap":{"0":{"name":"(anonymous_1)","decl":{"start":{"line":4,"column":43},"end":{"line":4,"column":44}},"loc":{"start":{"line":4,"column":83},"end":{"line":6,"column":1}}}},"branchMap":{"0":{"loc":{"start":{"line":5,"column":54},"end":{"line":5,"column":84}},"type":"cond-expr","locations":[{"start":{"line":5,"column":61},"end":{"line":5,"column":79}},{"start":{"line":5,"column":82},"end":{"line":5,"column":84}}]}},"s":{"0":1,"1":1,"2":1,"3":1,"4":1},"f":{"0":1},"b":{"0":[1,0]}}
}
