TN:
SF:src/index.ts
FN:33,(anonymous_1)
FN:42,(anonymous_2)
FN:65,(anonymous_3)
FN:80,(anonymous_4)
FNF:4
FNH:4
FNDA:1,(anonymous_1)
FNDA:1,(anonymous_2)
FNDA:1,(anonymous_3)
FNDA:1,(anonymous_4)
DA:1,1
DA:2,1
DA:3,1
DA:4,1
DA:5,1
DA:6,1
DA:7,1
DA:8,1
DA:9,1
DA:10,1
DA:11,1
DA:13,1
DA:14,1
DA:16,1
DA:17,1
DA:19,1
DA:20,1
DA:33,1
DA:35,1
DA:36,1
DA:37,1
DA:38,1
DA:40,1
DA:42,1
DA:43,1
DA:54,1
DA:55,1
DA:56,1
DA:57,1
DA:65,1
DA:66,1
DA:70,1
DA:72,1
DA:74,1
DA:77,1
DA:78,1
DA:79,1
DA:80,1
DA:81,1
LF:39
LH:39
BRDA:37,0,0,1
BRDA:79,1,0,1
BRDA:79,1,1,0
BRF:3
BRH:2
end_of_record
TN:
SF:src/controllers/creditscore.controller.ts
FN:9,(anonymous_8)
FN:9,(anonymous_9)
FN:25,(anonymous_10)
FN:25,(anonymous_11)
FN:45,(anonymous_12)
FN:45,(anonymous_13)
FN:92,(anonymous_14)
FN:92,(anonymous_15)
FNF:8
FNH:0
FNDA:0,(anonymous_8)
FNDA:0,(anonymous_9)
FNDA:0,(anonymous_10)
FNDA:0,(anonymous_11)
FNDA:0,(anonymous_12)
FNDA:0,(anonymous_13)
FNDA:0,(anonymous_14)
FNDA:0,(anonymous_15)
DA:1,1
DA:3,1
DA:4,1
DA:5,1
DA:6,1
DA:9,1
DA:10,0
DA:12,0
DA:13,0
DA:15,0
DA:16,0
DA:17,0
DA:19,0
DA:20,0
DA:25,1
DA:26,0
DA:27,0
DA:29,0
DA:30,0
DA:33,0
DA:36,0
DA:38,0
DA:39,0
DA:45,1
DA:46,0
DA:47,0
DA:48,0
DA:60,0
DA:61,0
DA:62,0
DA:66,0
DA:67,0
DA:70,0
DA:82,0
DA:83,0
DA:85,0
DA:87,0
DA:88,0
DA:92,1
DA:93,0
DA:94,0
DA:95,0
DA:96,0
DA:100,0
DA:101,0
DA:104,0
DA:108,0
DA:109,0
DA:111,0
DA:113,0
DA:114,0
LF:51
LH:9
BRDA:12,0,0,0
BRDA:29,1,0,0
BRDA:61,2,0,0
BRDA:66,3,0,0
BRDA:82,4,0,0
BRDA:95,5,0,0
BRDA:100,6,0,0
BRDA:108,7,0,0
BRF:8
BRH:0
end_of_record
TN:
SF:src/controllers/loan.controller.ts
FN:10,(anonymous_8)
FN:10,(anonymous_9)
FN:60,(anonymous_10)
FN:60,(anonymous_11)
FN:86,(anonymous_12)
FN:86,(anonymous_13)
FN:108,(anonymous_14)
FN:108,(anonymous_15)
FNF:8
FNH:0
FNDA:0,(anonymous_8)
FNDA:0,(anonymous_9)
FNDA:0,(anonymous_10)
FNDA:0,(anonymous_11)
FNDA:0,(anonymous_12)
FNDA:0,(anonymous_13)
FNDA:0,(anonymous_14)
FNDA:0,(anonymous_15)
DA:1,1
DA:3,1
DA:4,1
DA:5,1
DA:6,1
DA:10,1
DA:11,0
DA:12,0
DA:13,0
DA:26,0
DA:27,0
DA:28,0
DA:32,0
DA:33,0
DA:36,0
DA:49,0
DA:50,0
DA:52,0
DA:54,0
DA:55,0
DA:60,1
DA:61,0
DA:62,0
DA:63,0
DA:64,0
DA:67,0
DA:68,0
DA:71,0
DA:72,0
DA:73,0
DA:75,0
DA:77,0
DA:78,0
DA:86,1
DA:87,0
DA:88,0
DA:89,0
DA:90,0
DA:93,0
DA:94,0
DA:97,0
DA:98,0
DA:99,0
DA:101,0
DA:103,0
DA:104,0
DA:108,1
DA:109,0
DA:110,0
DA:111,0
DA:114,0
DA:115,0
DA:116,0
DA:118,0
DA:120,0
DA:121,0
LF:56
LH:9
BRDA:27,0,0,0
BRDA:32,1,0,0
BRDA:49,2,0,0
BRDA:63,3,0,0
BRDA:67,4,0,0
BRDA:72,5,0,0
BRDA:89,6,0,0
BRDA:93,7,0,0
BRDA:98,8,0,0
BRDA:110,9,0,0
BRDA:115,10,0,0
BRF:11
BRH:0
end_of_record
TN:
SF:src/controllers/user.controller.ts
FN:12,(anonymous_8)
FN:12,(anonymous_9)
FN:81,(anonymous_10)
FN:81,(anonymous_11)
FN:121,(anonymous_12)
FN:121,(anonymous_13)
FN:144,(anonymous_14)
FN:144,(anonymous_15)
FN:166,(anonymous_16)
FN:166,(anonymous_17)
FN:236,(anonymous_18)
FN:236,(anonymous_19)
FNF:12
FNH:0
FNDA:0,(anonymous_8)
FNDA:0,(anonymous_9)
FNDA:0,(anonymous_10)
FNDA:0,(anonymous_11)
FNDA:0,(anonymous_12)
FNDA:0,(anonymous_13)
FNDA:0,(anonymous_14)
FNDA:0,(anonymous_15)
FNDA:0,(anonymous_16)
FNDA:0,(anonymous_17)
FNDA:0,(anonymous_18)
FNDA:0,(anonymous_19)
DA:1,1
DA:3,1
DA:4,1
DA:5,1
DA:6,1
DA:7,1
DA:8,1
DA:12,1
DA:13,0
DA:14,0
DA:15,0
DA:16,0
DA:17,0
DA:29,0
DA:30,0
DA:31,0
DA:35,0
DA:36,0
DA:39,0
DA:51,0
DA:52,0
DA:59,0
DA:62,0
DA:70,0
DA:71,0
DA:74,0
DA:81,1
DA:82,0
DA:83,0
DA:86,0
DA:87,0
DA:90,0
DA:92,0
DA:93,0
DA:96,0
DA:97,0
DA:100,0
DA:101,0
DA:102,0
DA:105,0
DA:112,0
DA:115,0
DA:121,1
DA:122,0
DA:123,0
DA:125,0
DA:126,0
DA:129,0
DA:131,0
DA:132,0
DA:135,0
DA:138,0
DA:144,1
DA:145,0
DA:146,0
DA:147,0
DA:148,0
DA:151,0
DA:153,0
DA:154,0
DA:156,0
DA:157,0
DA:160,0
DA:166,1
DA:167,0
DA:169,0
DA:170,0
DA:173,0
DA:176,0
DA:178,0
DA:179,0
DA:181,0
DA:182,0
DA:183,0
DA:186,0
DA:199,0
DA:202,0
DA:203,0
DA:204,0
DA:207,0
DA:220,0
DA:221,0
DA:224,0
DA:230,0
DA:236,1
DA:238,0
DA:239,0
DA:241,0
DA:242,0
DA:245,0
DA:247,0
DA:248,0
DA:251,0
DA:253,0
DA:254,0
DA:257,0
DA:262,0
LF:97
LH:13
BRDA:30,0,0,0
BRDA:35,1,0,0
BRDA:51,2,0,0
BRDA:51,2,1,0
BRDA:70,3,0,0
BRDA:70,3,1,0
BRDA:86,4,0,0
BRDA:92,5,0,0
BRDA:101,6,0,0
BRDA:125,7,0,0
BRDA:131,8,0,0
BRDA:146,9,0,0
BRDA:153,10,0,0
BRDA:169,11,0,0
BRDA:178,12,0,0
BRDA:193,13,0,0
BRDA:193,13,1,0
BRDA:195,14,0,0
BRDA:195,14,1,0
BRDA:203,15,0,0
BRDA:220,16,0,0
BRDA:220,16,1,0
BRDA:241,17,0,0
BRDA:247,18,0,0
BRDA:253,19,0,0
BRDA:253,19,1,0
BRF:26
BRH:0
end_of_record
TN:
SF:src/db/dbconnector.ts
FN:15,(anonymous_8)
FN:18,(anonymous_9)
FN:21,(anonymous_10)
FN:29,(anonymous_11)
FN:29,(anonymous_12)
FN:39,(anonymous_13)
FN:40,(anonymous_14)
FN:42,(anonymous_15)
FNF:8
FNH:1
FNDA:1,(anonymous_8)
FNDA:0,(anonymous_9)
FNDA:0,(anonymous_10)
FNDA:0,(anonymous_11)
FNDA:0,(anonymous_12)
FNDA:0,(anonymous_13)
FNDA:0,(anonymous_14)
FNDA:0,(anonymous_15)
DA:1,1
DA:2,1
DA:13,1
DA:16,1
DA:19,0
DA:20,0
DA:21,0
DA:22,0
DA:25,0
DA:29,0
DA:31,0
DA:32,0
DA:33,0
DA:34,0
DA:35,0
DA:40,0
DA:41,0
DA:43,0
DA:49,1
DA:50,1
LF:20
LH:6
BRDA:29,0,0,0
BRF:1
BRH:0
end_of_record
TN:
SF:src/helpers/creditscore.validate.ts
FN:16,(anonymous_1)
FNF:1
FNH:0
FNDA:0,(anonymous_1)
DA:1,1
DA:4,1
DA:16,1
DA:17,0
DA:20,1
LF:5
LH:4
BRF:0
BRH:0
end_of_record
TN:
SF:src/helpers/loan.validate.ts
FN:20,(anonymous_1)
FNF:1
FNH:0
FNDA:0,(anonymous_1)
DA:1,1
DA:7,1
DA:20,1
DA:21,0
DA:24,1
LF:5
LH:4
BRF:0
BRH:0
end_of_record
TN:
SF:src/helpers/user.validate.ts
FN:16,(anonymous_1)
FNF:1
FNH:0
FNDA:0,(anonymous_1)
DA:2,1
DA:4,1
DA:16,1
DA:17,0
DA:20,1
LF:5
LH:4
BRF:0
BRH:0
end_of_record
TN:
SF:src/middlewares/error.middleware.ts
FN:5,(anonymous_0)
FN:12,(anonymous_1)
FNF:2
FNH:0
FNDA:0,(anonymous_0)
FNDA:0,(anonymous_1)
DA:5,1
DA:6,0
DA:7,0
DA:8,0
DA:12,1
DA:13,0
DA:14,0
DA:15,0
DA:16,0
DA:17,0
DA:19,0
DA:26,1
LF:12
LH:3
BRDA:13,0,0,0
BRDA:13,0,1,0
BRDA:15,1,0,0
BRDA:15,2,0,0
BRDA:15,2,1,0
BRDA:22,3,0,0
BRDA:22,3,1,0
BRF:7
BRH:0
end_of_record
TN:
SF:src/middlewares/verify.middleware.ts
FN:8,(anonymous_1)
FN:16,(anonymous_2)
FNF:2
FNH:0
FNDA:0,(anonymous_1)
FNDA:0,(anonymous_2)
DA:2,1
DA:3,1
DA:4,1
DA:5,1
DA:6,1
DA:8,1
DA:10,0
DA:11,0
DA:12,0
DA:13,0
DA:15,0
DA:16,0
DA:17,0
DA:18,0
DA:20,0
DA:21,0
DA:27,0
DA:31,0
LF:18
LH:6
BRDA:11,0,0,0
BRDA:11,0,1,0
BRDA:17,1,0,0
BRDA:17,1,1,0
BRF:4
BRH:0
end_of_record
TN:
SF:src/models/creditscore.model.ts
FN:13,(anonymous_0)
FNF:1
FNH:0
FNDA:0,(anonymous_0)
DA:14,0
DA:15,0
DA:16,0
DA:17,0
DA:18,0
DA:19,0
DA:20,0
DA:21,0
DA:22,0
DA:27,1
LF:10
LH:1
BRF:0
BRH:0
end_of_record
TN:
SF:src/models/loan.model.ts
FN:14,(anonymous_0)
FNF:1
FNH:0
FNDA:0,(anonymous_0)
DA:15,0
DA:16,0
DA:17,0
DA:18,0
DA:19,0
DA:20,0
DA:21,0
DA:22,0
DA:23,0
DA:24,0
DA:29,1
LF:11
LH:1
BRF:0
BRH:0
end_of_record
TN:
SF:src/models/user.model.ts
FN:13,(anonymous_0)
FNF:1
FNH:0
FNDA:0,(anonymous_0)
DA:14,0
DA:15,0
DA:16,0
DA:17,0
DA:18,0
DA:19,0
DA:20,0
DA:21,0
DA:22,0
DA:28,1
LF:10
LH:1
BRF:0
BRH:0
end_of_record
TN:
SF:src/routes/creditscore.routes.ts
FNF:0
FNH:0
DA:1,1
DA:2,1
DA:3,1
DA:6,1
DA:9,1
DA:10,1
DA:11,1
DA:12,1
DA:15,1
LF:9
LH:9
BRF:0
BRH:0
end_of_record
TN:
SF:src/routes/loan.routes.ts
FNF:0
FNH:0
DA:1,1
DA:2,1
DA:3,1
DA:6,1
DA:9,1
DA:10,1
DA:11,1
DA:12,1
DA:15,1
LF:9
LH:9
BRF:0
BRH:0
end_of_record
TN:
SF:src/routes/user.routes.ts
FNF:0
FNH:0
DA:1,1
DA:2,1
DA:3,1
DA:5,1
DA:7,1
DA:8,1
DA:9,1
DA:10,1
DA:11,1
DA:12,1
DA:15,1
LF:11
LH:11
BRF:0
BRH:0
end_of_record
TN:
SF:src/tests/helpers/integration-helper.ts
FN:10,(anonymous_8)
FN:19,(anonymous_10)
FNF:2
FNH:1
FNDA:1,(anonymous_8)
FNDA:0,(anonymous_10)
DA:3,1
DA:4,1
DA:6,1
DA:11,1
DA:12,0
DA:14,1
DA:16,1
DA:20,0
LF:8
LH:6
BRDA:11,0,0,0
BRF:1
BRH:0
end_of_record
TN:
SF:src/utils/currentUser.ts
FN:4,getUser
FNF:1
FNH:1
FNDA:1,getUser
DA:5,1
DA:8,1
DA:9,1
DA:11,0
DA:12,0
DA:16,1
LF:6
LH:4
BRF:0
BRH:0
end_of_record
TN:
SF:src/utils/logger.ts
FN:4,(anonymous_1)
FNF:1
FNH:1
FNDA:1,(anonymous_1)
DA:1,1
DA:4,1
DA:5,1
DA:8,1
DA:20,1
LF:5
LH:5
BRDA:5,0,0,1
BRDA:5,0,1,0
BRF:2
BRH:1
end_of_record
